<?xml version="1.0" encoding="UTF-8"?>
<testng-results skipped="0" failed="1" ignored="0" total="2" passed="1">
  <reporter-output>
  </reporter-output>
  <suite name="Suite" duration-ms="15121" started-at="2020-03-22T19:38:03Z" finished-at="2020-03-22T19:38:18Z">
    <groups>
    </groups>
    <test name="Test" duration-ms="15121" started-at="2020-03-22T19:38:03Z" finished-at="2020-03-22T19:38:18Z">
      <class name="com.d11.project.msd.masterTest.DemoTest">
        <test-method status="PASS" signature="suiteSetUp(org.testng.ITestContext)[pri:0, instance:com.d11.project.msd.masterTest.DemoTest@6eebc39e]" name="suiteSetUp" is-config="true" duration-ms="98" started-at="2020-03-22T19:38:03Z" finished-at="2020-03-22T19:38:03Z">
          <params>
            <param index="0">
              <value>
                <![CDATA[org.testng.TestRunner@6dc17b83]]>
              </value>
            </param>
          </params>
          <reporter-output>
          </reporter-output>
        </test-method> <!-- suiteSetUp -->
        <test-method status="PASS" signature="testSetUp(org.testng.ITestContext)[pri:0, instance:com.d11.project.msd.masterTest.DemoTest@6eebc39e]" name="testSetUp" is-config="true" duration-ms="5" started-at="2020-03-22T19:38:03Z" finished-at="2020-03-22T19:38:03Z">
          <params>
            <param index="0">
              <value>
                <![CDATA[org.testng.TestRunner@6dc17b83]]>
              </value>
            </param>
          </params>
          <reporter-output>
          </reporter-output>
        </test-method> <!-- testSetUp -->
        <test-method status="PASS" signature="methodSetUp()[pri:0, instance:com.d11.project.msd.masterTest.DemoTest@6eebc39e]" name="methodSetUp" is-config="true" duration-ms="7034" started-at="2020-03-22T19:38:03Z" finished-at="2020-03-22T19:38:10Z">
          <reporter-output>
          </reporter-output>
        </test-method> <!-- methodSetUp -->
        <test-method status="PASS" signature="methodSetUp()[pri:0, instance:com.d11.project.msd.masterTest.DemoTest@6eebc39e]" name="methodSetUp" is-config="true" duration-ms="6409" started-at="2020-03-22T19:38:03Z" finished-at="2020-03-22T19:38:09Z">
          <reporter-output>
          </reporter-output>
        </test-method> <!-- methodSetUp -->
        <test-method status="FAIL" signature="test2()[pri:0, instance:com.d11.project.msd.masterTest.DemoTest@6eebc39e]" name="test2" duration-ms="5012" started-at="2020-03-22T19:38:09Z" finished-at="2020-03-22T19:38:14Z">
          <exception class="java.lang.AssertionError">
            <message>
              <![CDATA[expected [true] but found [false]]]>
            </message>
            <full-stacktrace>
              <![CDATA[java.lang.AssertionError: expected [true] but found [false]
at org.testng.Assert.fail(Assert.java:96)
at org.testng.Assert.failNotEquals(Assert.java:776)
at org.testng.Assert.assertTrue(Assert.java:44)
at org.testng.Assert.assertTrue(Assert.java:54)
at com.d11.project.msd.masterTest.DemoTest.test2(DemoTest.java:22)
at sun.reflect.NativeMethodAccessorImpl.invoke0(Native Method)
at sun.reflect.NativeMethodAccessorImpl.invoke(Unknown Source)
at sun.reflect.DelegatingMethodAccessorImpl.invoke(Unknown Source)
at java.lang.reflect.Method.invoke(Unknown Source)
at org.testng.internal.MethodInvocationHelper.invokeMethod(MethodInvocationHelper.java:124)
at org.testng.internal.Invoker.invokeMethod(Invoker.java:583)
at org.testng.internal.Invoker.invokeTestMethod(Invoker.java:719)
at org.testng.internal.Invoker.invokeTestMethods(Invoker.java:989)
at org.testng.internal.TestMethodWorker.invokeTestMethods(TestMethodWorker.java:125)
at org.testng.internal.TestMethodWorker.run(TestMethodWorker.java:109)
at java.util.concurrent.ThreadPoolExecutor.runWorker(Unknown Source)
at java.util.concurrent.ThreadPoolExecutor$Worker.run(Unknown Source)
at java.lang.Thread.run(Unknown Source)
]]>
            </full-stacktrace>
          </exception> <!-- java.lang.AssertionError -->
          <reporter-output>
          </reporter-output>
        </test-method> <!-- test2 -->
        <test-method status="PASS" signature="test()[pri:0, instance:com.d11.project.msd.masterTest.DemoTest@6eebc39e]" name="test" duration-ms="7218" started-at="2020-03-22T19:38:10Z" finished-at="2020-03-22T19:38:17Z">
          <reporter-output>
          </reporter-output>
        </test-method> <!-- test -->
        <test-method status="PASS" signature="methodTearDown()[pri:0, instance:com.d11.project.msd.masterTest.DemoTest@6eebc39e]" name="methodTearDown" is-config="true" duration-ms="1016" started-at="2020-03-22T19:38:16Z" finished-at="2020-03-22T19:38:18Z">
          <reporter-output>
          </reporter-output>
        </test-method> <!-- methodTearDown -->
        <test-method status="PASS" signature="methodTearDown()[pri:0, instance:com.d11.project.msd.masterTest.DemoTest@6eebc39e]" name="methodTearDown" is-config="true" duration-ms="848" started-at="2020-03-22T19:38:17Z" finished-at="2020-03-22T19:38:18Z">
          <reporter-output>
          </reporter-output>
        </test-method> <!-- methodTearDown -->
        <test-method status="PASS" signature="suiteTearDown()[pri:0, instance:com.d11.project.msd.masterTest.DemoTest@6eebc39e]" name="suiteTearDown" is-config="true" duration-ms="206" started-at="2020-03-22T19:38:18Z" finished-at="2020-03-22T19:38:18Z">
          <reporter-output>
          </reporter-output>
        </test-method> <!-- suiteTearDown -->
      </class> <!-- com.d11.project.msd.masterTest.DemoTest -->
    </test> <!-- Test -->
  </suite> <!-- Suite -->
</testng-results>
